# JRE version: OpenJDK Runtime Environment Temurin-11.0.16+8 (11.0.16+8) (build 11.0.16+8)
# Java VM: OpenJDK 64-Bit Server VM Temurin-11.0.16+8 (11.0.16+8, mixed mode, tiered, compressed oops, g1 gc, windows-amd64)
Heap:
 garbage-first heap   total 504832K, used 216151K [0x0000000083200000, 0x0000000100000000)
  region size 1024K, 105 young (107520K), 37 survivors (37888K)
 Metaspace       used 62507K, capacity 66338K, committed 66384K, reserved 1107968K
  class space    used 6939K, capacity 8686K, committed 8704K, reserved 1048576K
GC Heap History (20 events):
Event: 19.966 GC heap before
{Heap before GC invocations=45 (full 0):
 garbage-first heap   total 504832K, used 406714K [0x0000000083200000, 0x0000000100000000)
  region size 1024K, 295 young (302080K), 14 survivors (14336K)
 Metaspace       used 61217K, capacity 64935K, committed 64976K, reserved 1105920K
  class space    used 6821K, capacity 8537K, committed 8576K, reserved 1048576K
}
Event: 19.978 GC heap after
{Heap after GC invocations=46 (full 0):
 garbage-first heap   total 504832K, used 126770K [0x0000000083200000, 0x0000000100000000)
  region size 1024K, 21 young (21504K), 21 survivors (21504K)
 Metaspace       used 61217K, capacity 64935K, committed 64976K, reserved 1105920K
  class space    used 6821K, capacity 8537K, committed 8576K, reserved 1048576K
}
Event: 20.456 GC heap before
{Heap before GC invocations=46 (full 0):
 garbage-first heap   total 504832K, used 407346K [0x0000000083200000, 0x0000000100000000)
  region size 1024K, 295 young (302080K), 21 survivors (21504K)
 Metaspace       used 61269K, capacity 64935K, committed 64976K, reserved 1105920K
  class space    used 6824K, capacity 8537K, committed 8576K, reserved 1048576K
}
Event: 20.468 GC heap after
{Heap after GC invocations=47 (full 0):
 garbage-first heap   total 504832K, used 127770K [0x0000000083200000, 0x0000000100000000)
  region size 1024K, 20 young (20480K), 20 survivors (20480K)
 Metaspace       used 61269K, capacity 64935K, committed 64976K, reserved 1105920K
  class space    used 6824K, capacity 8537K, committed 8576K, reserved 1048576K
}
Event: 20.861 GC heap before
{Heap before GC invocations=47 (full 0):
 garbage-first heap   total 504832K, used 409370K [0x0000000083200000, 0x0000000100000000)
  region size 1024K, 295 young (302080K), 20 survivors (20480K)
 Metaspace       used 61270K, capacity 64935K, committed 64976K, reserved 1105920K
  class space    used 6824K, capacity 8537K, committed 8576K, reserved 1048576K
}
Event: 20.871 GC heap after
{Heap after GC invocations=48 (full 0):
 garbage-first heap   total 504832K, used 128663K [0x0000000083200000, 0x0000000100000000)
  region size 1024K, 19 young (19456K), 19 survivors (19456K)
 Metaspace       used 61270K, capacity 64935K, committed 64976K, reserved 1105920K
  class space    used 6824K, capacity 8537K, committed 8576K, reserved 1048576K
}
Event: 21.232 GC heap before
{Heap before GC invocations=48 (full 0):
 garbage-first heap   total 504832K, used 411287K [0x0000000083200000, 0x0000000100000000)
  region size 1024K, 295 young (302080K), 19 survivors (19456K)
 Metaspace       used 61271K, capacity 64935K, committed 64976K, reserved 1105920K
  class space    used 6824K, capacity 8537K, committed 8576K, reserved 1048576K
}
Event: 21.241 GC heap after
{Heap after GC invocations=49 (full 0):
 garbage-first heap   total 504832K, used 128169K [0x0000000083200000, 0x0000000100000000)
  region size 1024K, 19 young (19456K), 19 survivors (19456K)
 Metaspace       used 61271K, capacity 64935K, committed 64976K, reserved 1105920K
  class space    used 6824K, capacity 8537K, committed 8576K, reserved 1048576K
}
Event: 21.603 GC heap before
{Heap before GC invocations=49 (full 0):
 garbage-first heap   total 504832K, used 410793K [0x0000000083200000, 0x0000000100000000)
  region size 1024K, 295 young (302080K), 19 survivors (19456K)
 Metaspace       used 61271K, capacity 64935K, committed 64976K, reserved 1105920K
  class space    used 6824K, capacity 8537K, committed 8576K, reserved 1048576K
}
Event: 21.612 GC heap after
{Heap after GC invocations=50 (full 0):
 garbage-first heap   total 504832K, used 128158K [0x0000000083200000, 0x0000000100000000)
  region size 1024K, 19 young (19456K), 19 survivors (19456K)
 Metaspace       used 61271K, capacity 64935K, committed 64976K, reserved 1105920K
  class space    used 6824K, capacity 8537K, committed 8576K, reserved 1048576K
}
Event: 21.988 GC heap before
{Heap before GC invocations=50 (full 0):
 garbage-first heap   total 504832K, used 410782K [0x0000000083200000, 0x0000000100000000)
  region size 1024K, 295 young (302080K), 19 survivors (19456K)
 Metaspace       used 61276K, capacity 64935K, committed 64976K, reserved 1105920K
  class space    used 6824K, capacity 8537K, committed 8576K, reserved 1048576K
}
Event: 21.997 GC heap after
{Heap after GC invocations=51 (full 0):
 garbage-first heap   total 504832K, used 128594K [0x0000000083200000, 0x0000000100000000)
  region size 1024K, 19 young (19456K), 19 survivors (19456K)
 Metaspace       used 61276K, capacity 64935K, committed 64976K, reserved 1105920K
  class space    used 6824K, capacity 8537K, committed 8576K, reserved 1048576K
}
Event: 22.374 GC heap before
{Heap before GC invocations=51 (full 0):
 garbage-first heap   total 504832K, used 411218K [0x0000000083200000, 0x0000000100000000)
  region size 1024K, 295 young (302080K), 19 survivors (19456K)
 Metaspace       used 61276K, capacity 64935K, committed 64976K, reserved 1105920K
  class space    used 6824K, capacity 8537K, committed 8576K, reserved 1048576K
}
Event: 22.383 GC heap after
{Heap after GC invocations=52 (full 0):
 garbage-first heap   total 504832K, used 127727K [0x0000000083200000, 0x0000000100000000)
  region size 1024K, 18 young (18432K), 18 survivors (18432K)
 Metaspace       used 61276K, capacity 64935K, committed 64976K, reserved 1105920K
  class space    used 6824K, capacity 8537K, committed 8576K, reserved 1048576K
}
Event: 22.758 GC heap before
{Heap before GC invocations=52 (full 0):
 garbage-first heap   total 504832K, used 411375K [0x0000000083200000, 0x0000000100000000)
  region size 1024K, 295 young (302080K), 18 survivors (18432K)
 Metaspace       used 61276K, capacity 64935K, committed 64976K, reserved 1105920K
  class space    used 6824K, capacity 8537K, committed 8576K, reserved 1048576K
}
Event: 22.767 GC heap after
{Heap after GC invocations=53 (full 0):
 garbage-first heap   total 504832K, used 128603K [0x0000000083200000, 0x0000000100000000)
  region size 1024K, 19 young (19456K), 19 survivors (19456K)
 Metaspace       used 61276K, capacity 64935K, committed 64976K, reserved 1105920K
  class space    used 6824K, capacity 8537K, committed 8576K, reserved 1048576K
}
Event: 23.158 GC heap before
{Heap before GC invocations=53 (full 0):
 garbage-first heap   total 504832K, used 411227K [0x0000000083200000, 0x0000000100000000)
  region size 1024K, 295 young (302080K), 19 survivors (19456K)
 Metaspace       used 61276K, capacity 64935K, committed 64976K, reserved 1105920K
  class space    used 6824K, capacity 8537K, committed 8576K, reserved 1048576K
}
Event: 23.167 GC heap after
{Heap after GC invocations=54 (full 0):
 garbage-first heap   total 504832K, used 128751K [0x0000000083200000, 0x0000000100000000)
  region size 1024K, 19 young (19456K), 19 survivors (19456K)
 Metaspace       used 61276K, capacity 64935K, committed 64976K, reserved 1105920K
  class space    used 6824K, capacity 8537K, committed 8576K, reserved 1048576K
}
Event: 23.633 GC heap before
{Heap before GC invocations=54 (full 0):
 garbage-first heap   total 504832K, used 411375K [0x0000000083200000, 0x0000000100000000)
  region size 1024K, 295 young (302080K), 19 survivors (19456K)
 Metaspace       used 61453K, capacity 65117K, committed 65232K, reserved 1105920K
  class space    used 6836K, capacity 8555K, committed 8576K, reserved 1048576K
}
Event: 23.657 GC heap after
{Heap after GC invocations=55 (full 0):
 garbage-first heap   total 504832K, used 147543K [0x0000000083200000, 0x0000000100000000)
  region size 1024K, 37 young (37888K), 37 survivors (37888K)
 Metaspace       used 61453K, capacity 65117K, committed 65232K, reserved 1105920K
  class space    used 6836K, capacity 8555K, committed 8576K, reserved 1048576K
}

